#
# A fatal error has been detected by the Java Runtime Environment:
#
#  EXCEPTION_ACCESS_VIOLATION (0xc0000005) at pc=0x00007ffb5180ef29, pid=16624, tid=27028
#
# JRE version: OpenJDK Runtime Environment Temurin-17.0.7+7 (17.0.7+7) (build 17.0.7+7)
# Java VM: OpenJDK 64-Bit Server VM Temurin-17.0.7+7 (17.0.7+7, mixed mode, emulated-client, tiered, compressed oops, compressed class ptrs, g1 gc, windows-amd64)
# Problematic frame:
# V  [jvm.dll+0x23ef29]
#
# No core dump will be written. Minidumps are not enabled by default on client versions of Windows
#
# If you would like to submit a bug report, please visit:
#   https://github.com/adoptium/adoptium-support/issues
#

---------------  S U M M A R Y ------------

Command Line: -XX:+ShowCodeDetailsInExceptionMessages -agentlib:jdwp=transport=dt_socket,suspend=y,address=localhost:56716 -Dcom.sun.management.jmxremote -Dcom.sun.management.jmxremote.port=56709 -Dcom.sun.management.jmxremote.authenticate=false -Dcom.sun.management.jmxremote.ssl=false -Djava.rmi.server.hostname=localhost -Dspring.jmx.enabled=true -Dmanagement.endpoints.jmx.exposure.include=* -Dspring.application.admin.enabled=true -XX:TieredStopAtLevel=1 -Dspring.boot.project.name=UserServices -javaagent:C:\dev\sts-4.19.0.RELEASE\configuration\org.eclipse.osgi\267\0\.cp\lib\javaagent-shaded.jar -Dfile.encoding=UTF-8 com.core.user.UserServicesApplication --spring.output.ansi.enabled=always

Host: Intel(R) Core(TM) i5-8250U CPU @ 1.60GHz, 8 cores, 15G,  Windows 11 , 64 bit Build 22621 (10.0.22621.2428)
Time: Tue Oct 24 02:36:35 2023 India Standard Time elapsed time: 195.445155 seconds (0d 0h 3m 15s)

---------------  T H R E A D  ---------------

Current thread (0x00000224c1f4e6d0):  VMThread "VM Thread" [stack: 0x00000080bf900000,0x00000080bfa00000] [id=27028]

Stack: [0x00000080bf900000,0x00000080bfa00000],  sp=0x00000080bf9ff070,  free space=1020k
Native frames: (J=compiled Java code, j=interpreted, Vv=VM code, C=native code)
V  [jvm.dll+0x23ef29]
V  [jvm.dll+0x62c973]
V  [jvm.dll+0x62d331]
V  [jvm.dll+0x52c59d]
V  [jvm.dll+0x5301c8]
V  [jvm.dll+0x52dfbb]
V  [jvm.dll+0x83a5bb]
V  [jvm.dll+0x83b2f4]
V  [jvm.dll+0x83b80c]
V  [jvm.dll+0x83bbe4]
V  [jvm.dll+0x83bcb0]
V  [jvm.dll+0x7e4e7a]
V  [jvm.dll+0x676395]
C  [ucrtbase.dll+0x29363]
C  [KERNEL32.DLL+0x1257d]
C  [ntdll.dll+0x5aa78]


siginfo: EXCEPTION_ACCESS_VIOLATION (0xc0000005), reading address 0x00000224c5cac4c8


Register to memory mapping:

RIP=0x00007ffb5180ef29 jvm.dll
RAX=2097152 is a compressed pointer to class: 0x0000000800200000
org.springframework.boot.logging.logback.LogbackLoggingSystem$$Lambda$165/0x0000000800200000 {0x0000000800200008}
 - instance size:     3
 - klass size:        68
 - access:            final synchronized synthetic 
 - state:             fully_initialized
 - name:              'org/springframework/boot/logging/logback/LogbackLoggingSystem$$Lambda$165+0x0000000800200000'
 - super:             'java/lang/Object'
 - sub:               
 - arrays:            NULL
 - methods:           Array<T>(0x00000224c302cf48)
 - method ordering:   Array<T>(0x00000224c302d090)
 - default_methods:   Array<T>(0x0000000000000000)
 - local interfaces:  Array<T>(0x00000224c302cf18)
 - trans. interfaces: Array<T>(0x00000224c302cf18)
 - constants:         constant pool [30] {0x00000224c302cdc0} for 'org/springframework/boot/logging/logback/LogbackLoggingSystem$$Lambda$165+0x0000000800200000' cache=0x00000224c302d0a0
 - class loader data:  loader data: 0x00000224c622c420 for instance a 'jdk/internal/loader/ClassLoaders$AppClassLoader'{0x0000000701a53170}
 - class annotations:       Array<T>(0x0000000000000000)
 - class type annotations:  Array<T>(0x0000000000000000)
 - field annotations:       Array<T>(0x0000000000000000)
 - field type annotations:  Array<T>(0x0000000000000000)
 - inner classes:     Array<T>(0x00000224c2000028)
 - nest members:     Array<T>(0x00000224c2000028)
 - permitted subclasses:     Array<T>(0x00000224c2000028)
 - java mirror:       a 'java/lang/Class'{0x000000070206f060} = 'org/springframework/boot/logging/logback/LogbackLoggingSystem$$Lambda$165+0x0000000800200000'
 - vtable length      5  (start addr: 0x00000008002001c8)
 - itable length      5 (start addr: 0x00000008002001f0)
 - ---- static fields (0 words):
 - ---- non-static fields (2 words):
 - private final 'arg$1' 'Lorg/springframework/boot/logging/logback/LogbackLoggingSystem;' @12 
 - private final 'arg$2' 'Lorg/slf4j/ILoggerFactory;' @16 
 - non-static oop maps: 12-16 
RBX=0x00000224c5aaaf80 is pointing into metadata
RCX=0x00000224c5aac4c8 is pointing into metadata
RDX=0x000000000000ffff is an unknown value
RSP=0x00000080bf9ff070 points into unknown readable memory: 0x0000022400000002 | 02 00 00 00 24 02 00 00
RBP=0x00000224c5aaaf80 is pointing into metadata
RSI=0x000000000000ffff is an unknown value
RDI=0x000000000000ffff is an unknown value
R8 ={method} {0x00000224c5aab868} 'createUser' '(Lcom/core/user/entity/User;)Lorg/springframework/http/ResponseEntity;' in 'com/core/user/controler/UserControler'
R9 =0x00000080bf9ff150 points into unknown readable memory: 0x00000224c5aab860 | 60 b8 aa c5 24 02 00 00
R10=0x00000224c6062310 points into unknown readable memory: 0x0000001e00000002 | 02 00 00 00 1e 00 00 00
R11={method} {0x00000224c5aab868} 'createUser' '(Lcom/core/user/entity/User;)Lorg/springframework/http/ResponseEntity;' in 'com/core/user/controler/UserControler'
R12=0x00000224c39fe110 is pointing into metadata
R13=0x00007ffb515d0000 jvm.dll
R14=0x00000080bf9ff180 points into unknown readable memory: 0x00000224c39feb48 | 48 eb 9f c3 24 02 00 00
R15=0x00000224c5aaaf80 is pointing into metadata


Registers:
RAX=0x0000000000200000, RBX=0x00000224c5aaaf80, RCX=0x00000224c5aac4c8, RDX=0x000000000000ffff
RSP=0x00000080bf9ff070, RBP=0x00000224c5aaaf80, RSI=0x000000000000ffff, RDI=0x000000000000ffff
R8 =0x00000224c5aab860, R9 =0x00000080bf9ff150, R10=0x00000224c6062310, R11=0x00000224c5aab860
R12=0x00000224c39fe110, R13=0x00007ffb515d0000, R14=0x00000080bf9ff180, R15=0x00000224c5aaaf80
RIP=0x00007ffb5180ef29, EFLAGS=0x0000000000010206

Top of Stack: (sp=0x00000080bf9ff070)
0x00000080bf9ff070:   0000022400000002 00000224ad2abe70
0x00000080bf9ff080:   00000080bf9ff180 0000000000000012
0x00000080bf9ff090:   000000000000000e 00007ffb51bfc973
0x00000080bf9ff0a0:   00000000000000b9 00007ffb5191c314
0x00000080bf9ff0b0:   00000080bf9ff150 0000000000000003
0x00000080bf9ff0c0:   00000224c39fe6c5 00007ffb00000012
0x00000080bf9ff0d0:   00000080bf9ff150 00007ffb516f7a6e
0x00000080bf9ff0e0:   00000224c5aab860 00000224c5aab4b8
0x00000080bf9ff0f0:   00000224c5aaaf80 00000224c5aab819
0x00000080bf9ff100:   00000000000000b9 00007ffb51bfd331
0x00000080bf9ff110:   00000000000000b9 00000080bf9ff189
0x00000080bf9ff120:   00000000000000b9 00000080bf9ff1e0
0x00000080bf9ff130:   00000224c39fe110 00000224c5aaaf80
0x00000080bf9ff140:   00000224c5aab860 00000224c1f4e6d0
0x00000080bf9ff150:   00000224c5aab860 00000224c1f4e6d0
0x00000080bf9ff160:   0000000e00000009 000000b900000015 

Instructions: (pc=0x00007ffb5180ef29)
0x00007ffb5180ee29:   cc cc cc cc cc cc cc 48 89 5c 24 10 48 89 74 24
0x00007ffb5180ee39:   18 57 48 83 ec 30 48 63 da 49 8b f0 48 8b f9 85
0x00007ffb5180ee49:   d2 79 24 4c 8d 0d 05 41 70 00 ba b4 02 00 00 4c
0x00007ffb5180ee59:   8d 05 31 41 70 00 48 8d 0d aa 40 70 00 e8 a5 79
0x00007ffb5180ee69:   00 00 e8 f0 81 43 00 48 8b 4f 10 48 85 c9 74 0f
0x00007ffb5180ee79:   48 8d 43 01 48 c1 e0 05 48 8b 04 08 0f b7 d8 48
0x00007ffb5180ee89:   63 c3 48 8d 54 24 40 48 89 7c 24 20 48 89 74 24
0x00007ffb5180ee99:   28 48 8b 8e 40 02 00 00 8b 5c c7 48 48 89 7c 24
0x00007ffb5180eea9:   40 e8 71 bb dc ff 0f b7 d3 48 8d 4c 24 20 4c 8b
0x00007ffb5180eeb9:   c6 e8 f1 fb ff ff 48 8d 4c 24 20 48 8b d8 e8 d4
0x00007ffb5180eec9:   d4 10 00 48 8b 74 24 50 48 8b c3 48 8b 5c 24 48
0x00007ffb5180eed9:   48 83 c4 30 5f c3 cc 48 89 5c 24 08 57 48 83 ec
0x00007ffb5180eee9:   20 48 63 fa 48 8b d9 85 d2 79 24 4c 8d 0d 5d 40
0x00007ffb5180eef9:   70 00 ba b4 02 00 00 4c 8d 05 89 40 70 00 48 8d
0x00007ffb5180ef09:   0d 02 40 70 00 e8 fd 78 00 00 e8 48 81 43 00 48
0x00007ffb5180ef19:   8b 4b 10 48 85 c9 74 0f 48 8d 47 01 48 c1 e0 05
0x00007ffb5180ef29:   48 8b 04 08 0f b7 f8 48 63 c7 0f b7 4c c3 48 0f
0x00007ffb5180ef39:   b7 44 cb 4a 48 8b 44 c3 48 48 8b 5c 24 30 48 83
0x00007ffb5180ef49:   c4 20 5f c3 cc cc cc 4c 8b 41 20 4d 8b 00 e9 64
0x00007ffb5180ef59:   02 00 00 cc cc cc cc 48 8b 49 20 48 8b 09 e9 24
0x00007ffb5180ef69:   59 00 00 cc cc cc cc 48 89 5c 24 18 56 57 41 56
0x00007ffb5180ef79:   48 83 ec 20 48 83 3d 3b b6 91 00 00 4c 8b f2 48
0x00007ffb5180ef89:   8b f9 74 0f 48 8b d1 48 8d 0d 51 3f 70 00 e8 d4
0x00007ffb5180ef99:   82 e6 ff 45 33 c0 41 8d 50 17 8d 4a 11 e8 f5 77
0x00007ffb5180efa9:   e6 ff 33 db 48 85 c0 74 22 48 8d 4f 08 89 58 08
0x00007ffb5180efb9:   48 89 48 20 48 8d 0d 0c 39 6d 00 48 89 08 88 58
0x00007ffb5180efc9:   0c 48 89 58 10 48 89 58 18 eb 03 48 8b c3 48 8b
0x00007ffb5180efd9:   d0 49 8b ce e8 ce 00 3e 00 45 33 c0 41 8d 50 17
0x00007ffb5180efe9:   8d 4a 11 e8 af 77 e6 ff 48 85 c0 74 27 48 8d 0d
0x00007ffb5180eff9:   23 44 70 00 c7 40 08 02 00 00 00 48 89 08 48 8d
0x00007ffb5180f009:   4f 10 48 89 48 20 c6 40 0c 00 48 89 58 10 48 89
0x00007ffb5180f019:   58 18 eb 03 48 8b c3 48 8b d0 49 8b ce e8 85 00 


Stack slot to memory mapping:
stack at sp + 0 slots: 0x0000022400000002 is an unknown value
stack at sp + 1 slots: 0x00000224ad2abe70 points into unknown readable memory: 0x0000000300000001 | 01 00 00 00 03 00 00 00
stack at sp + 2 slots: 0x00000080bf9ff180 points into unknown readable memory: 0x00000224c39feb48 | 48 eb 9f c3 24 02 00 00
stack at sp + 3 slots: 0x0000000000000012 is an unknown value
stack at sp + 4 slots: 0x000000000000000e is an unknown value
stack at sp + 5 slots: 0x00007ffb51bfc973 jvm.dll
stack at sp + 6 slots: 0x00000000000000b9 is an unknown value
stack at sp + 7 slots: 0x00007ffb5191c314 jvm.dll

VM_Operation (0x00000080c05ff8d0): RedefineClasses, mode: safepoint, requested by thread 0x00000224c629c420, redefining class com.core.user.controler.UserControler



---------------  P R O C E S S  ---------------

Threads class SMR info:
_java_thread_list=0x00000224c831ad80, length=37, elements={
0x00000224c603b110, 0x00000224c603cf90, 0x00000224c6057880, 0x00000224c609b730,
0x00000224c609d5a0, 0x00000224c609d0d0, 0x00000224c60a24a0, 0x00000224c60b3670,
0x00000224c609cc00, 0x00000224c629c420, 0x00000224c629fae0, 0x00000224c629ffd0,
0x00000224c609da70, 0x00000224c609df40, 0x00000224c609e8e0, 0x00000224c60a00f0,
0x00000224c609f280, 0x00000224c609e410, 0x00000224c609f750, 0x00000224c7e05ee0,
0x00000224c7e08090, 0x00000224c7e098a0, 0x00000224c7e0abe0, 0x00000224c7e076f0,
0x00000224c7e08f00, 0x00000224c7e05540, 0x00000224c7e063b0, 0x00000224c7e0bf20,
0x00000224c7e0b0b0, 0x00000224c7e0c8c0, 0x00000224c7e093d0, 0x00000224c7e09d70,
0x00000224c7e0a240, 0x00000224c7e0c3f0, 0x00000224c7e0b580, 0x00000224c7e05a10,
0x00000224c7e06d50
}

Java Threads: ( => current thread )
  0x00000224c603b110 JavaThread "Reference Handler" daemon [_thread_blocked, id=26936, stack(0x00000080bfa00000,0x00000080bfb00000)]
  0x00000224c603cf90 JavaThread "Finalizer" daemon [_thread_blocked, id=23556, stack(0x00000080bfb00000,0x00000080bfc00000)]
  0x00000224c6057880 JavaThread "Signal Dispatcher" daemon [_thread_blocked, id=24232, stack(0x00000080bfc00000,0x00000080bfd00000)]
  0x00000224c609b730 JavaThread "Attach Listener" daemon [_thread_blocked, id=25008, stack(0x00000080bfd00000,0x00000080bfe00000)]
  0x00000224c609d5a0 JavaThread "Service Thread" daemon [_thread_blocked, id=10916, stack(0x00000080bfe00000,0x00000080bff00000)]
  0x00000224c609d0d0 JavaThread "Monitor Deflation Thread" daemon [_thread_blocked, id=24132, stack(0x00000080bff00000,0x00000080c0000000)]
  0x00000224c60a24a0 JavaThread "C1 CompilerThread0" daemon [_thread_blocked, id=23768, stack(0x00000080c0000000,0x00000080c0100000)]
  0x00000224c60b3670 JavaThread "Sweeper thread" daemon [_thread_blocked, id=28548, stack(0x00000080c0100000,0x00000080c0200000)]
  0x00000224c609cc00 JavaThread "Common-Cleaner" daemon [_thread_blocked, id=24644, stack(0x00000080c0200000,0x00000080c0300000)]
  0x00000224c629c420 JavaThread "JDWP Transport Listener: dt_socket" daemon [_thread_blocked, id=26996, stack(0x00000080c0500000,0x00000080c0600000)]
  0x00000224c629fae0 JavaThread "JDWP Event Helper Thread" daemon [_thread_blocked, id=10176, stack(0x00000080c0600000,0x00000080c0700000)]
  0x00000224c629ffd0 JavaThread "JDWP Command Reader" daemon [_thread_in_native, id=24896, stack(0x00000080c0700000,0x00000080c0800000)]
  0x00000224c609da70 JavaThread "Notification Thread" daemon [_thread_blocked, id=29392, stack(0x00000080c0800000,0x00000080c0900000)]
  0x00000224c609df40 JavaThread "RMI TCP Accept-0" daemon [_thread_in_native, id=20428, stack(0x00000080c0900000,0x00000080c0a00000)]
  0x00000224c609e8e0 JavaThread "RMI TCP Accept-56709" daemon [_thread_in_native, id=25552, stack(0x00000080c0a00000,0x00000080c0b00000)]
  0x00000224c60a00f0 JavaThread "RMI TCP Accept-0" daemon [_thread_in_native, id=28956, stack(0x00000080c0b00000,0x00000080c0c00000)]
  0x00000224c609f280 JavaThread "RMI Scheduler(0)" daemon [_thread_blocked, id=25220, stack(0x00000080c1700000,0x00000080c1800000)]
  0x00000224c609e410 JavaThread "RMI TCP Connection(11)-127.0.0.1" daemon [_thread_in_native, id=13636, stack(0x00000080c1800000,0x00000080c1900000)]
  0x00000224c609f750 JavaThread "JMX server connection timeout 25" daemon [_thread_blocked, id=15660, stack(0x00000080c1900000,0x00000080c1a00000)]
  0x00000224c7e05ee0 JavaThread "Catalina-utility-1" [_thread_blocked, id=15716, stack(0x00000080c1b00000,0x00000080c1c00000)]
  0x00000224c7e08090 JavaThread "Catalina-utility-2" [_thread_blocked, id=4836, stack(0x00000080c1d00000,0x00000080c1e00000)]
  0x00000224c7e098a0 JavaThread "container-0" [_thread_blocked, id=24848, stack(0x00000080c1e00000,0x00000080c1f00000)]
  0x00000224c7e0abe0 JavaThread "PostgreSQL-JDBC-Cleaner" daemon [_thread_blocked, id=25328, stack(0x00000080c2000000,0x00000080c2100000)]
  0x00000224c7e076f0 JavaThread "HikariPool-1 housekeeper" daemon [_thread_blocked, id=16340, stack(0x00000080c2100000,0x00000080c2200000)]
  0x00000224c7e08f00 JavaThread "http-nio-8081-exec-1" daemon [_thread_blocked, id=6740, stack(0x00000080c2300000,0x00000080c2400000)]
  0x00000224c7e05540 JavaThread "http-nio-8081-exec-2" daemon [_thread_blocked, id=25576, stack(0x00000080c2400000,0x00000080c2500000)]
  0x00000224c7e063b0 JavaThread "http-nio-8081-exec-3" daemon [_thread_blocked, id=21428, stack(0x00000080c2500000,0x00000080c2600000)]
  0x00000224c7e0bf20 JavaThread "http-nio-8081-exec-4" daemon [_thread_blocked, id=2084, stack(0x00000080c2600000,0x00000080c2700000)]
  0x00000224c7e0b0b0 JavaThread "http-nio-8081-exec-5" daemon [_thread_blocked, id=28288, stack(0x00000080c2700000,0x00000080c2800000)]
  0x00000224c7e0c8c0 JavaThread "http-nio-8081-exec-6" daemon [_thread_blocked, id=28952, stack(0x00000080c2800000,0x00000080c2900000)]
  0x00000224c7e093d0 JavaThread "http-nio-8081-exec-7" daemon [_thread_blocked, id=26084, stack(0x00000080c2900000,0x00000080c2a00000)]
  0x00000224c7e09d70 JavaThread "http-nio-8081-exec-8" daemon [_thread_blocked, id=24748, stack(0x00000080c2a00000,0x00000080c2b00000)]
  0x00000224c7e0a240 JavaThread "http-nio-8081-exec-9" daemon [_thread_blocked, id=3184, stack(0x00000080c2b00000,0x00000080c2c00000)]
  0x00000224c7e0c3f0 JavaThread "http-nio-8081-exec-10" daemon [_thread_blocked, id=12760, stack(0x00000080c2c00000,0x00000080c2d00000)]
  0x00000224c7e0b580 JavaThread "http-nio-8081-Poller" daemon [_thread_blocked, id=24800, stack(0x00000080c2d00000,0x00000080c2e00000)]
  0x00000224c7e05a10 JavaThread "http-nio-8081-Acceptor" daemon [_thread_in_native, id=24692, stack(0x00000080c2e00000,0x00000080c2f00000)]
  0x00000224c7e06d50 JavaThread "DestroyJavaVM" [_thread_blocked, id=22392, stack(0x00000080bf300000,0x00000080bf400000)]

Other Threads:
=>0x00000224c1f4e6d0 VMThread "VM Thread" [stack: 0x00000080bf900000,0x00000080bfa00000] [id=27028]
  0x00000224c6f2bd40 WatcherThread [stack: 0x00000080c0c00000,0x00000080c0d00000] [id=23340]
  0x00000224af637130 GCTaskThread "GC Thread#0" [stack: 0x00000080bf400000,0x00000080bf500000] [id=19244]
  0x00000224c6fed000 GCTaskThread "GC Thread#1" [stack: 0x00000080c0d00000,0x00000080c0e00000] [id=24336]
  0x00000224c6fed2b0 GCTaskThread "GC Thread#2" [stack: 0x00000080c0e00000,0x00000080c0f00000] [id=27248]
  0x00000224c6fed560 GCTaskThread "GC Thread#3" [stack: 0x00000080c0f00000,0x00000080c1000000] [id=27588]
  0x00000224c6fed810 GCTaskThread "GC Thread#4" [stack: 0x00000080c1000000,0x00000080c1100000] [id=13708]
  0x00000224c6fedac0 GCTaskThread "GC Thread#5" [stack: 0x00000080c1100000,0x00000080c1200000] [id=24976]
  0x00000224c7128c80 GCTaskThread "GC Thread#6" [stack: 0x00000080c1200000,0x00000080c1300000] [id=29000]
  0x00000224c7129f40 GCTaskThread "GC Thread#7" [stack: 0x00000080c1300000,0x00000080c1400000] [id=15472]
  0x00000224af647ef0 ConcurrentGCThread "G1 Main Marker" [stack: 0x00000080bf500000,0x00000080bf600000] [id=22928]
  0x00000224af6490a0 ConcurrentGCThread "G1 Conc#0" [stack: 0x00000080bf600000,0x00000080bf700000] [id=8316]
  0x00000224c753ec20 ConcurrentGCThread "G1 Conc#1" [stack: 0x00000080c1a00000,0x00000080c1b00000] [id=26312]
  0x00000224af67ea20 ConcurrentGCThread "G1 Refine#0" [stack: 0x00000080bf700000,0x00000080bf800000] [id=12860]
  0x00000224c710b780 ConcurrentGCThread "G1 Refine#1" [stack: 0x00000080c1400000,0x00000080c1500000] [id=25652]
  0x00000224c710ba60 ConcurrentGCThread "G1 Refine#2" [stack: 0x00000080c1500000,0x00000080c1600000] [id=17452]
  0x00000224c1df36f0 ConcurrentGCThread "G1 Service" [stack: 0x00000080bf800000,0x00000080bf900000] [id=17304]

Threads with active compile tasks:

VM state: at safepoint (normal execution)

VM Mutex/Monitor currently owned by a thread:  ([mutex/lock_event])
[0x00000224af5c6a30] Threads_lock - owner thread: 0x00000224c1f4e6d0

Heap address: 0x0000000701800000, size: 4072 MB, Compressed Oops mode: Zero based, Oop shift amount: 3

CDS archive(s) not mapped
Compressed class space mapped at: 0x0000000800000000-0x0000000840000000, reserved size: 1073741824
Narrow klass base: 0x0000000800000000, Narrow klass shift: 0, Narrow klass range: 0x40000000

GC Precious Log:
 CPUs: 8 total, 8 available
 Memory: 16281M
 Large Page Support: Disabled
 NUMA Support: Disabled
 Compressed Oops: Enabled (Zero based)
 Heap Region Size: 2M
 Heap Min Capacity: 8M
 Heap Initial Capacity: 256M
 Heap Max Capacity: 4072M
 Pre-touch: Disabled
 Parallel Workers: 8
 Concurrent Workers: 2
 Concurrent Refinement Workers: 8
 Periodic GC: Disabled

Heap:
 garbage-first heap   total 96256K, used 38384K [0x0000000701800000, 0x0000000800000000)
  region size 2048K, 12 young (24576K), 4 survivors (8192K)
 Metaspace       used 68602K, committed 69120K, reserved 1114112K
  class space    used 9205K, committed 9472K, reserved 1048576K

Heap Regions: E=young(eden), S=young(survivor), O=old, HS=humongous(starts), HC=humongous(continues), CS=collection set, F=free, OA=open archive, CA=closed archive, TAMS=top-at-mark-start (previous, next)
|   0|0x0000000701800000, 0x0000000701a00000, 0x0000000701a00000|100%| O|  |TAMS 0x0000000701a00000, 0x0000000701800000| Untracked 
|   1|0x0000000701a00000, 0x0000000701c00000, 0x0000000701c00000|100%| O|  |TAMS 0x0000000701c00000, 0x0000000701a00000| Untracked 
|   2|0x0000000701c00000, 0x0000000701e00000, 0x0000000701e00000|100%| O|  |TAMS 0x0000000701e00000, 0x0000000701c00000| Untracked 
|   3|0x0000000701e00000, 0x0000000701ef3000, 0x0000000702000000| 47%| O|  |TAMS 0x0000000701ef3000, 0x0000000701e00000| Untracked 
|   4|0x0000000702000000, 0x0000000702200000, 0x0000000702200000|100%| O|  |TAMS 0x0000000702200000, 0x0000000702000000| Untracked 
|   5|0x0000000702200000, 0x00000007023d9a00, 0x0000000702400000| 92%| O|  |TAMS 0x0000000702200000, 0x0000000702200000| Untracked 
|   6|0x0000000702400000, 0x0000000702600000, 0x0000000702600000|100%| O|  |TAMS 0x0000000702600000, 0x0000000702400000| Untracked 
|   7|0x0000000702600000, 0x0000000702800000, 0x0000000702800000|100%| O|  |TAMS 0x0000000702800000, 0x0000000702600000| Untracked 
|   8|0x0000000702800000, 0x0000000702a00000, 0x0000000702a00000|100%| O|  |TAMS 0x0000000702a00000, 0x0000000702800000| Untracked 
|   9|0x0000000702a00000, 0x0000000702c00000, 0x0000000702c00000|100%| O|  |TAMS 0x0000000702c00000, 0x0000000702a00000| Untracked 
|  10|0x0000000702c00000, 0x0000000702c00000, 0x0000000702e00000|  0%| F|  |TAMS 0x0000000702c00000, 0x0000000702c00000| Untracked 
|  11|0x0000000702e00000, 0x0000000702e00000, 0x0000000703000000|  0%| F|  |TAMS 0x0000000702e00000, 0x0000000702e00000| Untracked 
|  12|0x0000000703000000, 0x0000000703012a00, 0x0000000703200000|  3%| O|  |TAMS 0x0000000703012a00, 0x0000000703000000| Untracked 
|  13|0x0000000703200000, 0x0000000703200000, 0x0000000703400000|  0%| F|  |TAMS 0x0000000703200000, 0x0000000703200000| Untracked 
|  14|0x0000000703400000, 0x0000000703400000, 0x0000000703600000|  0%| F|  |TAMS 0x0000000703400000, 0x0000000703400000| Untracked 
|  15|0x0000000703600000, 0x000000070369cc98, 0x0000000703800000| 30%| S|CS|TAMS 0x0000000703600000, 0x0000000703600000| Complete 
|  16|0x0000000703800000, 0x0000000703800000, 0x0000000703a00000|  0%| F|  |TAMS 0x0000000703800000, 0x0000000703800000| Untracked 
|  17|0x0000000703a00000, 0x0000000703a00000, 0x0000000703c00000|  0%| F|  |TAMS 0x0000000703a00000, 0x0000000703a00000| Untracked 
|  18|0x0000000703c00000, 0x0000000703c00000, 0x0000000703e00000|  0%| F|  |TAMS 0x0000000703c00000, 0x0000000703c00000| Untracked 
|  19|0x0000000703e00000, 0x0000000704000000, 0x0000000704000000|100%| S|CS|TAMS 0x0000000703e00000, 0x0000000703e00000| Complete 
|  20|0x0000000704000000, 0x0000000704200000, 0x0000000704200000|100%| S|CS|TAMS 0x0000000704000000, 0x0000000704000000| Complete 
|  21|0x0000000704200000, 0x0000000704400000, 0x0000000704400000|100%| S|CS|TAMS 0x0000000704200000, 0x0000000704200000| Complete 
|  22|0x0000000704400000, 0x0000000704400000, 0x0000000704600000|  0%| F|  |TAMS 0x0000000704400000, 0x0000000704400000| Untracked 
|  23|0x0000000704600000, 0x0000000704600000, 0x0000000704800000|  0%| F|  |TAMS 0x0000000704600000, 0x0000000704600000| Untracked 
|  24|0x0000000704800000, 0x0000000704800000, 0x0000000704a00000|  0%| F|  |TAMS 0x0000000704800000, 0x0000000704800000| Untracked 
|  25|0x0000000704a00000, 0x0000000704a00000, 0x0000000704c00000|  0%| F|  |TAMS 0x0000000704a00000, 0x0000000704a00000| Untracked 
|  26|0x0000000704c00000, 0x0000000704c00000, 0x0000000704e00000|  0%| F|  |TAMS 0x0000000704c00000, 0x0000000704c00000| Untracked 
|  27|0x0000000704e00000, 0x0000000704e00000, 0x0000000705000000|  0%| F|  |TAMS 0x0000000704e00000, 0x0000000704e00000| Untracked 
|  28|0x0000000705000000, 0x0000000705000000, 0x0000000705200000|  0%| F|  |TAMS 0x0000000705000000, 0x0000000705000000| Untracked 
|  29|0x0000000705200000, 0x0000000705200000, 0x0000000705400000|  0%| F|  |TAMS 0x0000000705200000, 0x0000000705200000| Untracked 
|  30|0x0000000705400000, 0x0000000705400000, 0x0000000705600000|  0%| F|  |TAMS 0x0000000705400000, 0x0000000705400000| Untracked 
|  31|0x0000000705600000, 0x0000000705600000, 0x0000000705800000|  0%| F|  |TAMS 0x0000000705600000, 0x0000000705600000| Untracked 
|  32|0x0000000705800000, 0x0000000705800000, 0x0000000705a00000|  0%| F|  |TAMS 0x0000000705800000, 0x0000000705800000| Untracked 
|  33|0x0000000705a00000, 0x0000000705a00000, 0x0000000705c00000|  0%| F|  |TAMS 0x0000000705a00000, 0x0000000705a00000| Untracked 
|  34|0x0000000705c00000, 0x0000000705c00000, 0x0000000705e00000|  0%| F|  |TAMS 0x0000000705c00000, 0x0000000705c00000| Untracked 
|  35|0x0000000705e00000, 0x0000000705e00000, 0x0000000706000000|  0%| F|  |TAMS 0x0000000705e00000, 0x0000000705e00000| Untracked 
|  36|0x0000000706000000, 0x0000000706000000, 0x0000000706200000|  0%| F|  |TAMS 0x0000000706000000, 0x0000000706000000| Untracked 
|  37|0x0000000706200000, 0x0000000706200000, 0x0000000706400000|  0%| F|  |TAMS 0x0000000706200000, 0x0000000706200000| Untracked 
|  38|0x0000000706400000, 0x0000000706400000, 0x0000000706600000|  0%| F|  |TAMS 0x0000000706400000, 0x0000000706400000| Untracked 
|  39|0x0000000706600000, 0x000000070677d390, 0x0000000706800000| 74%| E|  |TAMS 0x0000000706600000, 0x0000000706600000| Complete 
|  40|0x0000000706800000, 0x0000000706a00000, 0x0000000706a00000|100%| E|CS|TAMS 0x0000000706800000, 0x0000000706800000| Complete 
|  41|0x0000000706a00000, 0x0000000706c00000, 0x0000000706c00000|100%| E|CS|TAMS 0x0000000706a00000, 0x0000000706a00000| Complete 
|  42|0x0000000706c00000, 0x0000000706e00000, 0x0000000706e00000|100%| E|CS|TAMS 0x0000000706c00000, 0x0000000706c00000| Complete 
|  51|0x0000000707e00000, 0x0000000708000000, 0x0000000708000000|100%| E|  |TAMS 0x0000000707e00000, 0x0000000707e00000| Complete 
|  52|0x0000000708000000, 0x0000000708200000, 0x0000000708200000|100%| E|CS|TAMS 0x0000000708000000, 0x0000000708000000| Complete 
|  66|0x0000000709c00000, 0x0000000709e00000, 0x0000000709e00000|100%| E|CS|TAMS 0x0000000709c00000, 0x0000000709c00000| Complete 
| 127|0x0000000711600000, 0x0000000711800000, 0x0000000711800000|100%| E|CS|TAMS 0x0000000711600000, 0x0000000711600000| Complete 

Card table byte_map: [0x00000224b6580000,0x00000224b6d80000] _byte_map_base: 0x00000224b2d74000

Marking Bits (Prev, Next): (CMBitMap*) 0x00000224af637780, (CMBitMap*) 0x00000224af637740
 Prev Bits: [0x00000224bb520000, 0x00000224bf4c0000)
 Next Bits: [0x00000224b7580000, 0x00000224bb520000)

Polling page: 0x00000224ad4f0000

Metaspace:

Usage:
  Non-class:     58.00 MB used.
      Class:      8.99 MB used.
       Both:     66.99 MB used.

Virtual space:
  Non-class space:       64.00 MB reserved,      58.25 MB ( 91%) committed,  1 nodes.
      Class space:        1.00 GB reserved,       9.25 MB ( <1%) committed,  1 nodes.
             Both:        1.06 GB reserved,      67.50 MB (  6%) committed. 

Chunk freelists:
   Non-Class:  5.31 MB
       Class:  6.62 MB
        Both:  11.94 MB

MaxMetaspaceSize: unlimited
CompressedClassSpaceSize: 1.00 GB
Initial GC threshold: 21.00 MB
Current GC threshold: 98.88 MB
CDS: off
MetaspaceReclaimPolicy: balanced
 - commit_granule_bytes: 65536.
 - commit_granule_words: 8192.
 - virtual_space_node_default_size: 8388608.
 - enlarge_chunks_in_place: 1.
 - new_chunks_are_fully_committed: 0.
 - uncommit_free_chunks: 1.
 - use_allocation_guard: 0.
 - handle_deallocations: 1.


Internal statistics:

num_allocs_failed_limit: 9.
num_arena_births: 782.
num_arena_deaths: 0.
num_vsnodes_births: 2.
num_vsnodes_deaths: 0.
num_space_committed: 1080.
num_space_uncommitted: 0.
num_chunks_returned_to_freelist: 9.
num_chunks_taken_from_freelist: 2876.
num_chunk_merges: 9.
num_chunk_splits: 2120.
num_chunks_enlarged: 1684.
num_inconsistent_stats: 0.

CodeCache: size=49152Kb used=9495Kb max_used=10841Kb free=39656Kb
 bounds [0x00000224b2c70000, 0x00000224b3710000, 0x00000224b5c70000]
 total_blobs=5471 nmethods=4840 adapters=558
 compilation: enabled
              stopped_count=0, restarted_count=0
 full_count=0

Compilation events (20 events):
Event: 183.584 Thread 0x00000224c60a24a0 4831       1       java.util.concurrent.ScheduledThreadPoolExecutor$DelayedWorkQueue::siftUp (64 bytes)
Event: 183.584 Thread 0x00000224c60a24a0 nmethod 4831 0x00000224b3288490 code [0x00000224b3288660, 0x00000224b3288ba8]
Event: 184.113 Thread 0x00000224c60a24a0 4832       1       java.util.concurrent.ThreadPoolExecutor$Worker::tryRelease (12 bytes)
Event: 184.113 Thread 0x00000224c60a24a0 nmethod 4832 0x00000224b3288190 code [0x00000224b3288320, 0x00000224b3288418]
Event: 185.127 Thread 0x00000224c60a24a0 4833       1       java.util.concurrent.ThreadPoolExecutor$Worker::unlock (7 bytes)
Event: 185.128 Thread 0x00000224c60a24a0 nmethod 4833 0x00000224b3287e10 code [0x00000224b3287fa0, 0x00000224b32880c8]
Event: 190.119 Thread 0x00000224c60a24a0 4834       1       java.util.concurrent.locks.ReentrantLock::lockInterruptibly (8 bytes)
Event: 190.120 Thread 0x00000224c60a24a0 nmethod 4834 0x00000224b3287890 code [0x00000224b3287a60, 0x00000224b3287c98]
Event: 190.120 Thread 0x00000224c60a24a0 4835       1       java.util.concurrent.locks.ReentrantLock$Sync::lockInterruptibly (27 bytes)
Event: 190.120 Thread 0x00000224c60a24a0 nmethod 4835 0x00000224b3287310 code [0x00000224b32874e0, 0x00000224b32876f8]
Event: 192.118 Thread 0x00000224c60a24a0 4836   !   1       java.util.concurrent.ThreadPoolExecutor::getTask (177 bytes)
Event: 192.120 Thread 0x00000224c60a24a0 nmethod 4836 0x00000224b3286910 code [0x00000224b3286b00, 0x00000224b3287058]
Event: 192.848 Thread 0x00000224c60a24a0 4837       1       java.util.concurrent.ThreadPoolExecutor$Worker::lock (6 bytes)
Event: 192.849 Thread 0x00000224c60a24a0 nmethod 4837 0x00000224b3286490 code [0x00000224b3286620, 0x00000224b3286808]
Event: 192.849 Thread 0x00000224c60a24a0 4838       1       java.util.concurrent.ThreadPoolExecutor$Worker::tryAcquire (20 bytes)
Event: 192.850 Thread 0x00000224c60a24a0 nmethod 4838 0x00000224b3286110 code [0x00000224b32862a0, 0x00000224b3286418]
Event: 192.850 Thread 0x00000224c60a24a0 4839       1       java.util.concurrent.ThreadPoolExecutor::beforeExecute (1 bytes)
Event: 192.850 Thread 0x00000224c60a24a0 nmethod 4839 0x00000224b3285e10 code [0x00000224b3285fa0, 0x00000224b3286058]
Event: 194.117 Thread 0x00000224c60a24a0 4840       1       java.util.concurrent.ThreadPoolExecutor::afterExecute (1 bytes)
Event: 194.117 Thread 0x00000224c60a24a0 nmethod 4840 0x00000224b3285b10 code [0x00000224b3285ca0, 0x00000224b3285d58]

GC Heap History (20 events):
Event: 2.140 GC heap before
{Heap before GC invocations=7 (full 0):
 garbage-first heap   total 155648K, used 101072K [0x0000000701800000, 0x0000000800000000)
  region size 2048K, 45 young (92160K), 1 survivors (2048K)
 Metaspace       used 33176K, committed 33472K, reserved 1114112K
  class space    used 4011K, committed 4160K, reserved 1048576K
}
Event: 2.145 GC heap after
{Heap after GC invocations=8 (full 0):
 garbage-first heap   total 155648K, used 13849K [0x0000000701800000, 0x0000000800000000)
  region size 2048K, 3 young (6144K), 3 survivors (6144K)
 Metaspace       used 33176K, committed 33472K, reserved 1114112K
  class space    used 4011K, committed 4160K, reserved 1048576K
}
Event: 2.432 GC heap before
{Heap before GC invocations=8 (full 0):
 garbage-first heap   total 155648K, used 40473K [0x0000000701800000, 0x0000000800000000)
  region size 2048K, 17 young (34816K), 3 survivors (6144K)
 Metaspace       used 35724K, committed 36096K, reserved 1114112K
  class space    used 4399K, committed 4544K, reserved 1048576K
}
Event: 2.437 GC heap after
{Heap after GC invocations=9 (full 0):
 garbage-first heap   total 155648K, used 15414K [0x0000000701800000, 0x0000000800000000)
  region size 2048K, 3 young (6144K), 3 survivors (6144K)
 Metaspace       used 35724K, committed 36096K, reserved 1114112K
  class space    used 4399K, committed 4544K, reserved 1048576K
}
Event: 2.760 GC heap before
{Heap before GC invocations=10 (full 0):
 garbage-first heap   total 69632K, used 54326K [0x0000000701800000, 0x0000000800000000)
  region size 2048K, 22 young (45056K), 3 survivors (6144K)
 Metaspace       used 39150K, committed 39552K, reserved 1114112K
  class space    used 4872K, committed 5056K, reserved 1048576K
}
Event: 2.766 GC heap after
{Heap after GC invocations=11 (full 0):
 garbage-first heap   total 69632K, used 17667K [0x0000000701800000, 0x0000000800000000)
  region size 2048K, 2 young (4096K), 2 survivors (4096K)
 Metaspace       used 39150K, committed 39552K, reserved 1114112K
  class space    used 4872K, committed 5056K, reserved 1048576K
}
Event: 2.776 GC heap before
{Heap before GC invocations=11 (full 0):
 garbage-first heap   total 69632K, used 19715K [0x0000000701800000, 0x0000000800000000)
  region size 2048K, 3 young (6144K), 2 survivors (4096K)
 Metaspace       used 39153K, committed 39680K, reserved 1114112K
  class space    used 4873K, committed 5120K, reserved 1048576K
}
Event: 2.779 GC heap after
{Heap after GC invocations=12 (full 0):
 garbage-first heap   total 69632K, used 18135K [0x0000000701800000, 0x0000000800000000)
  region size 2048K, 1 young (2048K), 1 survivors (2048K)
 Metaspace       used 39153K, committed 39680K, reserved 1114112K
  class space    used 4873K, committed 5120K, reserved 1048576K
}
Event: 3.007 GC heap before
{Heap before GC invocations=12 (full 0):
 garbage-first heap   total 69632K, used 50903K [0x0000000701800000, 0x0000000800000000)
  region size 2048K, 17 young (34816K), 1 survivors (2048K)
 Metaspace       used 41965K, committed 42368K, reserved 1114112K
  class space    used 5255K, committed 5440K, reserved 1048576K
}
Event: 3.009 GC heap after
{Heap after GC invocations=13 (full 0):
 garbage-first heap   total 139264K, used 18125K [0x0000000701800000, 0x0000000800000000)
  region size 2048K, 1 young (2048K), 1 survivors (2048K)
 Metaspace       used 41965K, committed 42368K, reserved 1114112K
  class space    used 5255K, committed 5440K, reserved 1048576K
}
Event: 3.582 GC heap before
{Heap before GC invocations=13 (full 0):
 garbage-first heap   total 139264K, used 97997K [0x0000000701800000, 0x0000000800000000)
  region size 2048K, 40 young (81920K), 1 survivors (2048K)
 Metaspace       used 49612K, committed 50048K, reserved 1114112K
  class space    used 6336K, committed 6528K, reserved 1048576K
}
Event: 3.584 GC heap after
{Heap after GC invocations=14 (full 0):
 garbage-first heap   total 139264K, used 19514K [0x0000000701800000, 0x0000000800000000)
  region size 2048K, 2 young (4096K), 2 survivors (4096K)
 Metaspace       used 49612K, committed 50048K, reserved 1114112K
  class space    used 6336K, committed 6528K, reserved 1048576K
}
Event: 4.107 GC heap before
{Heap before GC invocations=14 (full 0):
 garbage-first heap   total 139264K, used 97338K [0x0000000701800000, 0x0000000800000000)
  region size 2048K, 40 young (81920K), 2 survivors (4096K)
 Metaspace       used 57301K, committed 57792K, reserved 1114112K
  class space    used 7526K, committed 7744K, reserved 1048576K
}
Event: 4.111 GC heap after
{Heap after GC invocations=15 (full 0):
 garbage-first heap   total 139264K, used 21018K [0x0000000701800000, 0x0000000800000000)
  region size 2048K, 2 young (4096K), 2 survivors (4096K)
 Metaspace       used 57301K, committed 57792K, reserved 1114112K
  class space    used 7526K, committed 7744K, reserved 1048576K
}
Event: 4.321 GC heap before
{Heap before GC invocations=15 (full 0):
 garbage-first heap   total 139264K, used 49690K [0x0000000701800000, 0x0000000800000000)
  region size 2048K, 17 young (34816K), 2 survivors (4096K)
 Metaspace       used 59935K, committed 60416K, reserved 1114112K
  class space    used 7944K, committed 8192K, reserved 1048576K
}
Event: 4.324 GC heap after
{Heap after GC invocations=16 (full 0):
 garbage-first heap   total 139264K, used 21518K [0x0000000701800000, 0x0000000800000000)
  region size 2048K, 2 young (4096K), 2 survivors (4096K)
 Metaspace       used 59935K, committed 60416K, reserved 1114112K
  class space    used 7944K, committed 8192K, reserved 1048576K
}
Event: 4.702 GC heap before
{Heap before GC invocations=17 (full 0):
 garbage-first heap   total 96256K, used 74766K [0x0000000701800000, 0x0000000800000000)
  region size 2048K, 28 young (57344K), 2 survivors (4096K)
 Metaspace       used 63593K, committed 64128K, reserved 1114112K
  class space    used 8512K, committed 8768K, reserved 1048576K
}
Event: 4.707 GC heap after
{Heap after GC invocations=18 (full 0):
 garbage-first heap   total 96256K, used 23574K [0x0000000701800000, 0x0000000800000000)
  region size 2048K, 3 young (6144K), 3 survivors (6144K)
 Metaspace       used 63593K, committed 64128K, reserved 1114112K
  class space    used 8512K, committed 8768K, reserved 1048576K
}
Event: 5.658 GC heap before
{Heap before GC invocations=18 (full 0):
 garbage-first heap   total 96256K, used 74774K [0x0000000701800000, 0x0000000800000000)
  region size 2048K, 28 young (57344K), 3 survivors (6144K)
 Metaspace       used 67139K, committed 67648K, reserved 1114112K
  class space    used 9017K, committed 9280K, reserved 1048576K
}
Event: 5.664 GC heap after
{Heap after GC invocations=19 (full 0):
 garbage-first heap   total 96256K, used 26096K [0x0000000701800000, 0x0000000800000000)
  region size 2048K, 4 young (8192K), 4 survivors (8192K)
 Metaspace       used 67139K, committed 67648K, reserved 1114112K
  class space    used 9017K, committed 9280K, reserved 1048576K
}

Dll operation events (11 events):
Event: 0.007 Loaded shared library C:\dev\sts-4.19.0.RELEASE\plugins\org.eclipse.justj.openjdk.hotspot.jre.full.win32.x86_64_17.0.7.v20230425-1502\jre\bin\java.dll
Event: 0.249 Loaded shared library C:\dev\sts-4.19.0.RELEASE\plugins\org.eclipse.justj.openjdk.hotspot.jre.full.win32.x86_64_17.0.7.v20230425-1502\jre\bin\zip.dll
Event: 0.253 Loaded shared library C:\dev\sts-4.19.0.RELEASE\plugins\org.eclipse.justj.openjdk.hotspot.jre.full.win32.x86_64_17.0.7.v20230425-1502\jre\bin\instrument.dll
Event: 0.273 Loaded shared library C:\dev\sts-4.19.0.RELEASE\plugins\org.eclipse.justj.openjdk.hotspot.jre.full.win32.x86_64_17.0.7.v20230425-1502\jre\bin\net.dll
Event: 0.274 Loaded shared library C:\dev\sts-4.19.0.RELEASE\plugins\org.eclipse.justj.openjdk.hotspot.jre.full.win32.x86_64_17.0.7.v20230425-1502\jre\bin\nio.dll
Event: 0.283 Loaded shared library C:\dev\sts-4.19.0.RELEASE\plugins\org.eclipse.justj.openjdk.hotspot.jre.full.win32.x86_64_17.0.7.v20230425-1502\jre\bin\zip.dll
Event: 0.410 Loaded shared library C:\dev\sts-4.19.0.RELEASE\plugins\org.eclipse.justj.openjdk.hotspot.jre.full.win32.x86_64_17.0.7.v20230425-1502\jre\bin\jimage.dll
Event: 0.456 Loaded shared library C:\dev\sts-4.19.0.RELEASE\plugins\org.eclipse.justj.openjdk.hotspot.jre.full.win32.x86_64_17.0.7.v20230425-1502\jre\bin\management.dll
Event: 0.467 Loaded shared library C:\dev\sts-4.19.0.RELEASE\plugins\org.eclipse.justj.openjdk.hotspot.jre.full.win32.x86_64_17.0.7.v20230425-1502\jre\bin\management_ext.dll
Event: 0.701 Loaded shared library C:\dev\sts-4.19.0.RELEASE\plugins\org.eclipse.justj.openjdk.hotspot.jre.full.win32.x86_64_17.0.7.v20230425-1502\jre\bin\verify.dll
Event: 2.645 Loaded shared library C:\dev\sts-4.19.0.RELEASE\plugins\org.eclipse.justj.openjdk.hotspot.jre.full.win32.x86_64_17.0.7.v20230425-1502\jre\bin\sunmscapi.dll

Deoptimization events (20 events):
Event: 15.246 Thread 0x00000224c7e08f00 DEOPT PACKING pc=0x00000224b30a21fc sp=0x00000080c23fe060
Event: 15.246 Thread 0x00000224c7e08f00 DEOPT UNPACKING pc=0x00000224b2cc7143 sp=0x00000080c23fd518 mode 1
Event: 15.274 Thread 0x00000224c7e05540 DEOPT PACKING pc=0x00000224b30ad1e4 sp=0x00000080c24fdc30
Event: 15.274 Thread 0x00000224c7e05540 DEOPT UNPACKING pc=0x00000224b2cc7143 sp=0x00000080c24fd0c8 mode 1
Event: 15.274 Thread 0x00000224c7e05540 DEOPT PACKING pc=0x00000224b30a21fc sp=0x00000080c24fdd00
Event: 15.274 Thread 0x00000224c7e05540 DEOPT UNPACKING pc=0x00000224b2cc7143 sp=0x00000080c24fd1b8 mode 1
Event: 15.282 Thread 0x00000224c7e05540 DEOPT PACKING pc=0x00000224b30ad1e4 sp=0x00000080c24fcc10
Event: 15.282 Thread 0x00000224c7e05540 DEOPT UNPACKING pc=0x00000224b2cc7143 sp=0x00000080c24fc0a8 mode 1
Event: 15.282 Thread 0x00000224c7e05540 DEOPT PACKING pc=0x00000224b30a21fc sp=0x00000080c24fcce0
Event: 15.282 Thread 0x00000224c7e05540 DEOPT UNPACKING pc=0x00000224b2cc7143 sp=0x00000080c24fc198 mode 1
Event: 15.282 Thread 0x00000224c7e05540 DEOPT PACKING pc=0x00000224b307c8dc sp=0x00000080c24fd6d0
Event: 15.282 Thread 0x00000224c7e05540 DEOPT UNPACKING pc=0x00000224b2cc7143 sp=0x00000080c24fcba8 mode 1
Event: 15.282 Thread 0x00000224c7e05540 DEOPT PACKING pc=0x00000224b33890dc sp=0x00000080c24fd770
Event: 15.282 Thread 0x00000224c7e05540 DEOPT UNPACKING pc=0x00000224b2cc7143 sp=0x00000080c24fcda8 mode 1
Event: 15.282 Thread 0x00000224c7e05540 DEOPT PACKING pc=0x00000224b30ad1e4 sp=0x00000080c24fcd60
Event: 15.282 Thread 0x00000224c7e05540 DEOPT UNPACKING pc=0x00000224b2cc7143 sp=0x00000080c24fc1f8 mode 1
Event: 15.282 Thread 0x00000224c7e05540 DEOPT PACKING pc=0x00000224b30a21fc sp=0x00000080c24fce30
Event: 15.282 Thread 0x00000224c7e05540 DEOPT UNPACKING pc=0x00000224b2cc7143 sp=0x00000080c24fc2e8 mode 1
Event: 15.282 Thread 0x00000224c7e05540 DEOPT PACKING pc=0x00000224b307c8dc sp=0x00000080c24fd820
Event: 15.282 Thread 0x00000224c7e05540 DEOPT UNPACKING pc=0x00000224b2cc7143 sp=0x00000080c24fcd10 mode 1

Classes unloaded (0 events):
No events

Classes redefined (0 events):
No events

Internal exceptions (20 events):
Event: 4.526 Thread 0x00000224af5cb710 Exception <a 'java/lang/IncompatibleClassChangeError'{0x0000000705801ee0}: Found class java.lang.Object, but interface was expected> (0x0000000705801ee0) 
thrown [s\src\hotspot\share\interpreter\linkResolver.cpp, line 826]
Event: 4.563 Thread 0x00000224c609e410 Exception <a 'java/lang/reflect/InvocationTargetException'{0x0000000705201b90}> (0x0000000705201b90) 
thrown [s\src\hotspot\share\runtime\reflection.cpp, line 1121]
Event: 4.635 Thread 0x00000224af5cb710 Exception <a 'java/lang/IncompatibleClassChangeError'{0x0000000704ae72d0}: Found class java.lang.Object, but interface was expected> (0x0000000704ae72d0) 
thrown [s\src\hotspot\share\interpreter\linkResolver.cpp, line 826]
Event: 4.692 Thread 0x00000224af5cb710 Exception <a 'java/lang/reflect/InvocationTargetException'{0x0000000703eb78d0}> (0x0000000703eb78d0) 
thrown [s\src\hotspot\share\runtime\reflection.cpp, line 1121]
Event: 4.699 Thread 0x00000224af5cb710 Exception <a 'java/lang/NoSuchMethodError'{0x0000000703fb1130}: 'int java.lang.invoke.DirectMethodHandle$Holder.invokeStatic(java.lang.Object, java.lang.Object, int)'> (0x0000000703fb1130) 
thrown [s\src\hotspot\share\interpreter\linkResolver.cpp, line 759]
Event: 4.701 Thread 0x00000224af5cb710 Exception <a 'java/lang/NoSuchMethodError'{0x0000000703fe4a90}: 'java.lang.Object java.lang.invoke.DirectMethodHandle$Holder.newInvokeSpecial(java.lang.Object, java.lang.Object, int)'> (0x0000000703fe4a90) 
thrown [s\src\hotspot\share\interpreter\linkResolver.cpp, line 759]
Event: 4.710 Thread 0x00000224af5cb710 Exception <a 'java/lang/NoSuchMethodError'{0x0000000711633e50}: 'java.lang.Object java.lang.invoke.Invokers$Holder.invoke_MT(java.lang.Object, java.lang.Object, java.lang.Object, java.lang.Object, java.lang.Object, java.lang.Object, java.lang.Object, java.lang.Object, java.lang.Object)'> (0x0000000711633e50) 
thrown [s\src\hotspot\share\interpreter\linkResolver.cpp, line 759]
Event: 4.712 Thread 0x00000224af5cb710 Exception <a 'java/lang/IncompatibleClassChangeError'{0x0000000711670b58}: Found class java.lang.Object, but interface was expected> (0x0000000711670b58) 
thrown [s\src\hotspot\share\interpreter\linkResolver.cpp, line 826]
Event: 4.747 Thread 0x00000224af5cb710 Exception <a 'java/lang/NoSuchMethodError'{0x000000070814dc48}: 'java.lang.Object java.lang.invoke.DirectMethodHandle$Holder.invokeStatic(java.lang.Object, int, java.lang.Object)'> (0x000000070814dc48) 
thrown [s\src\hotspot\share\interpreter\linkResolver.cpp, line 759]
Event: 4.750 Thread 0x00000224af5cb710 Exception <a 'java/lang/reflect/InvocationTargetException'{0x00000007081c1df8}> (0x00000007081c1df8) 
thrown [s\src\hotspot\share\runtime\reflection.cpp, line 1121]
Event: 4.752 Thread 0x00000224af5cb710 Exception <a 'java/lang/reflect/InvocationTargetException'{0x00000007081ced30}> (0x00000007081ced30) 
thrown [s\src\hotspot\share\runtime\reflection.cpp, line 1121]
Event: 4.832 Thread 0x00000224af5cb710 Exception <a 'sun/nio/fs/WindowsException'{0x00000007066040f0}> (0x00000007066040f0) 
thrown [s\src\hotspot\share\prims\jni.cpp, line 516]
Event: 4.875 Thread 0x00000224af5cb710 Exception <a 'java/lang/NoSuchMethodError'{0x00000007063b6ba0}: 'void java.lang.invoke.DirectMethodHandle$Holder.invokeVirtual(java.lang.Object, java.lang.Object, long)'> (0x00000007063b6ba0) 
thrown [s\src\hotspot\share\interpreter\linkResolver.cpp, line 759]
Event: 4.977 Thread 0x00000224af5cb710 Exception <a 'java/lang/IncompatibleClassChangeError'{0x000000070552ac08}: Found class java.lang.Object, but interface was expected> (0x000000070552ac08) 
thrown [s\src\hotspot\share\interpreter\linkResolver.cpp, line 826]
Event: 5.087 Thread 0x00000224af5cb710 Exception <a 'java/lang/NoSuchMethodError'{0x000000070485bd90}: 'java.lang.Object java.lang.invoke.DirectMethodHandle$Holder.newInvokeSpecial(java.lang.Object, java.lang.Object, int, java.lang.Object, java.lang.Object)'> (0x000000070485bd90) 
thrown [s\src\hotspot\share\interpreter\linkResolver.cpp, line 759]
Event: 5.088 Thread 0x00000224af5cb710 Exception <a 'java/lang/NoSuchMethodError'{0x0000000704867408}: 'java.lang.Object java.lang.invoke.DirectMethodHandle$Holder.invokeSpecial(java.lang.Object, java.lang.Object, int, java.lang.Object, int, java.lang.Object)'> (0x0000000704867408) 
thrown [s\src\hotspot\share\interpreter\linkResolver.cpp, line 759]
Event: 5.089 Thread 0x00000224af5cb710 Exception <a 'java/lang/NoSuchMethodError'{0x000000070486f210}: 'java.lang.Object java.lang.invoke.DirectMethodHandle$Holder.newInvokeSpecial(java.lang.Object, java.lang.Object, int, java.lang.Object, int)'> (0x000000070486f210) 
thrown [s\src\hotspot\share\interpreter\linkResolver.cpp, line 759]
Event: 5.089 Thread 0x00000224af5cb710 Exception <a 'java/lang/NoSuchMethodError'{0x0000000704873310}: 'java.lang.Object java.lang.invoke.DirectMethodHandle$Holder.invokeSpecial(java.lang.Object, java.lang.Object, java.lang.Object, int, java.lang.Object, int)'> (0x0000000704873310) 
thrown [s\src\hotspot\share\interpreter\linkResolver.cpp, line 759]
Event: 15.252 Thread 0x00000224c7e05540 Exception <a 'java/lang/NoSuchMethodError'{0x0000000707e1aeb8}: 'java.lang.Object java.lang.invoke.DirectMethodHandle$Holder.invokeSpecial(java.lang.Object, java.lang.Object, java.lang.Object, java.lang.Object, java.lang.Object, long)'> (0x0000000707e1aeb8) 
thrown [s\src\hotspot\share\interpreter\linkResolver.cpp, line 759]
Event: 15.252 Thread 0x00000224c7e05540 Exception <a 'java/lang/NoSuchMethodError'{0x0000000707e1e8f8}: 'java.lang.Object java.lang.invoke.Invokers$Holder.linkToTargetMethod(java.lang.Object, java.lang.Object, java.lang.Object, long, java.lang.Object)'> (0x0000000707e1e8f8) 
thrown [s\src\hotspot\share\interpreter\linkResolver.cpp, line 759]

VM Operations (20 events):
Event: 143.553 Executing VM operation: get/set locals done
Event: 162.711 Executing VM operation: Cleanup
Event: 162.711 Executing VM operation: Cleanup done
Event: 173.465 Executing VM operation: get/set locals
Event: 173.465 Executing VM operation: get/set locals done
Event: 173.615 Executing VM operation: get/set locals
Event: 173.615 Executing VM operation: get/set locals done
Event: 180.307 Executing VM operation: get/set locals
Event: 180.307 Executing VM operation: get/set locals done
Event: 180.424 Executing VM operation: get/set locals
Event: 180.424 Executing VM operation: get/set locals done
Event: 183.443 Executing VM operation: Cleanup
Event: 183.443 Executing VM operation: Cleanup done
Event: 193.537 Executing VM operation: Cleanup
Event: 193.537 Executing VM operation: Cleanup done
Event: 195.418 Executing VM operation: ChangeSingleStep
Event: 195.418 Executing VM operation: ChangeSingleStep done
Event: 195.418 Executing VM operation: ChangeSingleStep
Event: 195.418 Executing VM operation: ChangeSingleStep done
Event: 195.429 Executing VM operation: RedefineClasses

Events (20 events):
Event: 15.222 loading class sun/nio/ch/SelectionKeyImpl
Event: 15.222 loading class java/nio/channels/spi/AbstractSelectionKey
Event: 15.222 loading class java/nio/channels/SelectionKey
Event: 15.223 loading class java/nio/channels/SelectionKey done
Event: 15.223 loading class java/nio/channels/spi/AbstractSelectionKey done
Event: 15.223 loading class sun/nio/ch/SelectionKeyImpl done
Event: 15.223 loading class java/lang/invoke/ConstantBootstraps
Event: 15.223 loading class java/lang/invoke/ConstantBootstraps done
Event: 15.237 Thread 0x00000224c61b1d70 Thread exited: 0x00000224c61b1d70
Event: 91.024 Thread 0x00000224c609edb0 Thread exited: 0x00000224c609edb0
Event: 91.024 Thread 0x00000224c8da5ed0 Thread exited: 0x00000224c8da5ed0
Event: 91.024 Thread 0x00000224c8da5a00 Thread exited: 0x00000224c8da5a00
Event: 91.024 Thread 0x00000224c8da3850 Thread exited: 0x00000224c8da3850
Event: 91.024 Thread 0x00000224c8da41f0 Thread exited: 0x00000224c8da41f0
Event: 91.024 Thread 0x00000224c8da3d20 Thread exited: 0x00000224c8da3d20
Event: 91.024 Thread 0x00000224c8da6870 Thread exited: 0x00000224c8da6870
Event: 123.227 loading class java/time/format/DateTimeFormatterBuilder$ZoneTextPrinterParser
Event: 123.227 loading class java/time/format/DateTimeFormatterBuilder$ZoneTextPrinterParser done
Event: 123.228 loading class java/time/format/DateTimeFormatterBuilder$ReducedPrinterParser
Event: 123.228 loading class java/time/format/DateTimeFormatterBuilder$ReducedPrinterParser done


Dynamic libraries:
0x00007ff653770000 - 0x00007ff65377e000 	C:\dev\sts-4.19.0.RELEASE\plugins\org.eclipse.justj.openjdk.hotspot.jre.full.win32.x86_64_17.0.7.v20230425-1502\jre\bin\javaw.exe
0x00007ffbb8a70000 - 0x00007ffbb8c87000 	C:\WINDOWS\SYSTEM32\ntdll.dll
0x00007ffbb6920000 - 0x00007ffbb69e4000 	C:\WINDOWS\System32\KERNEL32.DLL
0x00007ffbb5df0000 - 0x00007ffbb6196000 	C:\WINDOWS\System32\KERNELBASE.dll
0x00007ffbb65f0000 - 0x00007ffbb6701000 	C:\WINDOWS\System32\ucrtbase.dll
0x00007ffb43200000 - 0x00007ffb43219000 	C:\dev\sts-4.19.0.RELEASE\plugins\org.eclipse.justj.openjdk.hotspot.jre.full.win32.x86_64_17.0.7.v20230425-1502\jre\bin\VCRUNTIME140.dll
0x00007ffb5adc0000 - 0x00007ffb5add7000 	C:\dev\sts-4.19.0.RELEASE\plugins\org.eclipse.justj.openjdk.hotspot.jre.full.win32.x86_64_17.0.7.v20230425-1502\jre\bin\jli.dll
0x00007ffbb7d70000 - 0x00007ffbb7f1d000 	C:\WINDOWS\System32\USER32.dll
0x00007ffbb61a0000 - 0x00007ffbb61c6000 	C:\WINDOWS\System32\win32u.dll
0x00007ffb9a9b0000 - 0x00007ffb9ac43000 	C:\WINDOWS\WinSxS\amd64_microsoft.windows.common-controls_6595b64144ccf1df_6.0.22621.2361_none_2712ced57382f843\COMCTL32.dll
0x00007ffbb7580000 - 0x00007ffbb75a9000 	C:\WINDOWS\System32\GDI32.dll
0x00007ffbb7450000 - 0x00007ffbb74f7000 	C:\WINDOWS\System32\msvcrt.dll
0x00007ffbb61d0000 - 0x00007ffbb62e8000 	C:\WINDOWS\System32\gdi32full.dll
0x00007ffbb64d0000 - 0x00007ffbb656a000 	C:\WINDOWS\System32\msvcp_win.dll
0x00007ffbb7f30000 - 0x00007ffbb7f61000 	C:\WINDOWS\System32\IMM32.DLL
0x00007ffb83710000 - 0x00007ffb8371c000 	C:\dev\sts-4.19.0.RELEASE\plugins\org.eclipse.justj.openjdk.hotspot.jre.full.win32.x86_64_17.0.7.v20230425-1502\jre\bin\vcruntime140_1.dll
0x00007ffb43160000 - 0x00007ffb431f1000 	C:\dev\sts-4.19.0.RELEASE\plugins\org.eclipse.justj.openjdk.hotspot.jre.full.win32.x86_64_17.0.7.v20230425-1502\jre\bin\msvcp140.dll
0x00007ffb515d0000 - 0x00007ffb52218000 	C:\dev\sts-4.19.0.RELEASE\plugins\org.eclipse.justj.openjdk.hotspot.jre.full.win32.x86_64_17.0.7.v20230425-1502\jre\bin\server\jvm.dll
0x00007ffbb77a0000 - 0x00007ffbb7850000 	C:\WINDOWS\System32\ADVAPI32.dll
0x00007ffbb72f0000 - 0x00007ffbb7396000 	C:\WINDOWS\System32\sechost.dll
0x00007ffbb6f20000 - 0x00007ffbb7037000 	C:\WINDOWS\System32\RPCRT4.dll
0x00007ffbae4d0000 - 0x00007ffbae504000 	C:\WINDOWS\SYSTEM32\WINMM.dll
0x00007ffba2460000 - 0x00007ffba2469000 	C:\WINDOWS\SYSTEM32\WSOCK32.dll
0x00007ffbad620000 - 0x00007ffbad62a000 	C:\WINDOWS\SYSTEM32\VERSION.dll
0x00007ffbb7f70000 - 0x00007ffbb7fe1000 	C:\WINDOWS\System32\WS2_32.dll
0x00007ffbb4dd0000 - 0x00007ffbb4de8000 	C:\WINDOWS\SYSTEM32\kernel.appcore.dll
0x00007ffba43b0000 - 0x00007ffba43ba000 	C:\dev\sts-4.19.0.RELEASE\plugins\org.eclipse.justj.openjdk.hotspot.jre.full.win32.x86_64_17.0.7.v20230425-1502\jre\bin\jimage.dll
0x00007ffbb3750000 - 0x00007ffbb397e000 	C:\WINDOWS\SYSTEM32\DBGHELP.DLL
0x00007ffbb69f0000 - 0x00007ffbb6d7a000 	C:\WINDOWS\System32\combase.dll
0x00007ffbb70c0000 - 0x00007ffbb7197000 	C:\WINDOWS\System32\OLEAUT32.dll
0x00007ffba1010000 - 0x00007ffba1042000 	C:\WINDOWS\SYSTEM32\dbgcore.DLL
0x00007ffbb6570000 - 0x00007ffbb65ea000 	C:\WINDOWS\System32\bcryptPrimitives.dll
0x00007ffbaf800000 - 0x00007ffbaf83b000 	C:\dev\sts-4.19.0.RELEASE\plugins\org.eclipse.justj.openjdk.hotspot.jre.full.win32.x86_64_17.0.7.v20230425-1502\jre\bin\jdwp.dll
0x00007ffb5ae10000 - 0x00007ffb5ae1e000 	C:\dev\sts-4.19.0.RELEASE\plugins\org.eclipse.justj.openjdk.hotspot.jre.full.win32.x86_64_17.0.7.v20230425-1502\jre\bin\instrument.dll
0x00007ffb5ade0000 - 0x00007ffb5ae05000 	C:\dev\sts-4.19.0.RELEASE\plugins\org.eclipse.justj.openjdk.hotspot.jre.full.win32.x86_64_17.0.7.v20230425-1502\jre\bin\java.dll
0x00007ffb5ada0000 - 0x00007ffb5adb8000 	C:\dev\sts-4.19.0.RELEASE\plugins\org.eclipse.justj.openjdk.hotspot.jre.full.win32.x86_64_17.0.7.v20230425-1502\jre\bin\zip.dll
0x00007ffbb81d0000 - 0x00007ffbb8a28000 	C:\WINDOWS\System32\SHELL32.dll
0x00007ffbb3d50000 - 0x00007ffbb4642000 	C:\WINDOWS\SYSTEM32\windows.storage.dll
0x00007ffbb3c10000 - 0x00007ffbb3d4e000 	C:\WINDOWS\SYSTEM32\wintypes.dll
0x00007ffbb7620000 - 0x00007ffbb7713000 	C:\WINDOWS\System32\SHCORE.dll
0x00007ffbb75b0000 - 0x00007ffbb760e000 	C:\WINDOWS\System32\shlwapi.dll
0x00007ffbb5d20000 - 0x00007ffbb5d46000 	C:\WINDOWS\SYSTEM32\profapi.dll
0x00007ffbb2cf0000 - 0x00007ffbb2cfc000 	C:\dev\sts-4.19.0.RELEASE\plugins\org.eclipse.justj.openjdk.hotspot.jre.full.win32.x86_64_17.0.7.v20230425-1502\jre\bin\dt_socket.dll
0x00007ffbb48b0000 - 0x00007ffbb48dd000 	C:\WINDOWS\SYSTEM32\IPHLPAPI.DLL
0x00007ffbb52b0000 - 0x00007ffbb5319000 	C:\WINDOWS\system32\mswsock.dll
0x00007ffbb4920000 - 0x00007ffbb4a19000 	C:\WINDOWS\SYSTEM32\DNSAPI.dll
0x00007ffbb7610000 - 0x00007ffbb7619000 	C:\WINDOWS\System32\NSI.dll
0x00000000503e0000 - 0x0000000050406000 	C:\Program Files\Bonjour\mdnsNSP.dll
0x00007ffbaab90000 - 0x00007ffbaab9a000 	C:\Windows\System32\rasadhlp.dll
0x00007ffbaaa10000 - 0x00007ffbaaa94000 	C:\WINDOWS\System32\fwpuclnt.dll
0x00007ffb5ad40000 - 0x00007ffb5ad59000 	C:\dev\sts-4.19.0.RELEASE\plugins\org.eclipse.justj.openjdk.hotspot.jre.full.win32.x86_64_17.0.7.v20230425-1502\jre\bin\net.dll
0x00007ffbacde0000 - 0x00007ffbacf17000 	C:\WINDOWS\SYSTEM32\WINHTTP.dll
0x00007ffb54e50000 - 0x00007ffb54e65000 	C:\dev\sts-4.19.0.RELEASE\plugins\org.eclipse.justj.openjdk.hotspot.jre.full.win32.x86_64_17.0.7.v20230425-1502\jre\bin\nio.dll
0x00007ffbb0030000 - 0x00007ffbb0039000 	C:\dev\sts-4.19.0.RELEASE\plugins\org.eclipse.justj.openjdk.hotspot.jre.full.win32.x86_64_17.0.7.v20230425-1502\jre\bin\management.dll
0x00007ffb9f150000 - 0x00007ffb9f15b000 	C:\dev\sts-4.19.0.RELEASE\plugins\org.eclipse.justj.openjdk.hotspot.jre.full.win32.x86_64_17.0.7.v20230425-1502\jre\bin\management_ext.dll
0x00007ffbb7570000 - 0x00007ffbb7578000 	C:\WINDOWS\System32\PSAPI.DLL
0x00007ffb98040000 - 0x00007ffb98057000 	C:\WINDOWS\system32\napinsp.dll
0x00007ffb98020000 - 0x00007ffb9803b000 	C:\WINDOWS\system32\pnrpnsp.dll
0x00007ffb98000000 - 0x00007ffb98011000 	C:\WINDOWS\System32\winrnr.dll
0x00007ffbaccd0000 - 0x00007ffbacce5000 	C:\WINDOWS\system32\wshbth.dll
0x00007ffb97ee0000 - 0x00007ffb97f01000 	C:\WINDOWS\system32\nlansp_c.dll
0x00007ffbb5500000 - 0x00007ffbb551b000 	C:\WINDOWS\SYSTEM32\CRYPTSP.dll
0x00007ffbb4d90000 - 0x00007ffbb4dc5000 	C:\WINDOWS\system32\rsaenh.dll
0x00007ffbb53a0000 - 0x00007ffbb53cc000 	C:\WINDOWS\SYSTEM32\USERENV.dll
0x00007ffbb56c0000 - 0x00007ffbb56e8000 	C:\WINDOWS\SYSTEM32\bcrypt.dll
0x00007ffbb5520000 - 0x00007ffbb552c000 	C:\WINDOWS\SYSTEM32\CRYPTBASE.dll
0x00007ffbad0b0000 - 0x00007ffbad0c9000 	C:\WINDOWS\SYSTEM32\dhcpcsvc6.DLL
0x00007ffbad040000 - 0x00007ffbad05f000 	C:\WINDOWS\SYSTEM32\dhcpcsvc.DLL
0x00007ffb54e40000 - 0x00007ffb54e50000 	C:\dev\sts-4.19.0.RELEASE\plugins\org.eclipse.justj.openjdk.hotspot.jre.full.win32.x86_64_17.0.7.v20230425-1502\jre\bin\verify.dll
0x00007ffb456c0000 - 0x00007ffb456ce000 	C:\dev\sts-4.19.0.RELEASE\plugins\org.eclipse.justj.openjdk.hotspot.jre.full.win32.x86_64_17.0.7.v20230425-1502\jre\bin\sunmscapi.dll
0x00007ffbb6360000 - 0x00007ffbb64c6000 	C:\WINDOWS\System32\CRYPT32.dll
0x00007ffbb5690000 - 0x00007ffbb56bd000 	C:\WINDOWS\SYSTEM32\ncrypt.dll
0x00007ffbb5650000 - 0x00007ffbb5687000 	C:\WINDOWS\SYSTEM32\NTASN1.dll
0x00007ffbb0f60000 - 0x00007ffbb0f68000 	C:\WINDOWS\system32\wshunix.dll

dbghelp: loaded successfully - version: 4.0.5 - missing functions: none
symbol engine: initialized successfully - sym options: 0x614 - pdb path: .;C:\dev\sts-4.19.0.RELEASE\plugins\org.eclipse.justj.openjdk.hotspot.jre.full.win32.x86_64_17.0.7.v20230425-1502\jre\bin;C:\WINDOWS\SYSTEM32;C:\WINDOWS\WinSxS\amd64_microsoft.windows.common-controls_6595b64144ccf1df_6.0.22621.2361_none_2712ced57382f843;C:\dev\sts-4.19.0.RELEASE\plugins\org.eclipse.justj.openjdk.hotspot.jre.full.win32.x86_64_17.0.7.v20230425-1502\jre\bin\server;C:\Program Files\Bonjour

VM Arguments:
jvm_args: -XX:+ShowCodeDetailsInExceptionMessages -agentlib:jdwp=transport=dt_socket,suspend=y,address=localhost:56716 -Dcom.sun.management.jmxremote -Dcom.sun.management.jmxremote.port=56709 -Dcom.sun.management.jmxremote.authenticate=false -Dcom.sun.management.jmxremote.ssl=false -Djava.rmi.server.hostname=localhost -Dspring.jmx.enabled=true -Dmanagement.endpoints.jmx.exposure.include=* -Dspring.application.admin.enabled=true -XX:TieredStopAtLevel=1 -Dspring.boot.project.name=UserServices -javaagent:C:\dev\sts-4.19.0.RELEASE\configuration\org.eclipse.osgi\267\0\.cp\lib\javaagent-shaded.jar -Dfile.encoding=UTF-8 
java_command: com.core.user.UserServicesApplication --spring.output.ansi.enabled=always
java_class_path (initial): F:\STS_WorkSpace\2023\MicroservicesPractice\UserServices\target\classes;C:\Users\Administrator\.m2\repository\org\springframework\boot\spring-boot-starter-web\3.1.5\spring-boot-starter-web-3.1.5.jar;C:\Users\Administrator\.m2\repository\org\springframework\boot\spring-boot-starter\3.1.5\spring-boot-starter-3.1.5.jar;C:\Users\Administrator\.m2\repository\org\springframework\boot\spring-boot\3.1.5\spring-boot-3.1.5.jar;C:\Users\Administrator\.m2\repository\org\springframework\boot\spring-boot-autoconfigure\3.1.5\spring-boot-autoconfigure-3.1.5.jar;C:\Users\Administrator\.m2\repository\org\springframework\boot\spring-boot-starter-logging\3.1.5\spring-boot-starter-logging-3.1.5.jar;C:\Users\Administrator\.m2\repository\ch\qos\logback\logback-classic\1.4.11\logback-classic-1.4.11.jar;C:\Users\Administrator\.m2\repository\ch\qos\logback\logback-core\1.4.11\logback-core-1.4.11.jar;C:\Users\Administrator\.m2\repository\org\apache\logging\log4j\log4j-to-slf4j\2.20.0\log4j-to-slf4j-2.20.0.jar;C:\Users\Administrator\.m2\repository\org\apache\logging\log4j\log4j-api\2.20.0\log4j-api-2.20.0.jar;C:\Users\Administrator\.m2\repository\org\slf4j\jul-to-slf4j\2.0.9\jul-to-slf4j-2.0.9.jar;C:\Users\Administrator\.m2\repository\jakarta\annotation\jakarta.annotation-api\2.1.1\jakarta.annotation-api-2.1.1.jar;C:\Users\Administrator\.m2\repository\org\yaml\snakeyaml\1.33\snakeyaml-1.33.jar;C:\Users\Administrator\.m2\repository\org\springframework\boot\spring-boot-starter-json\3.1.5\spring-boot-starter-json-3.1.5.jar;C:\Users\Administrator\.m2\repository\com\fasterxml\jackson\core\jackson-databind\2.15.3\jackson-databind-2.15.3.jar;C:\Users\Administrator\.m2\repository\com\fasterxml\jackson\core\jackson-annotations\2.15.3\jackson-annotations-2.15.3.jar;C:\Users\Administrator\.m2\repository\com\fasterxml\jackson\core\jackson-core\2.15.3\jackson-core-2.15.3.jar;C:\Users\Administrator\.m2\repository\com\fasterxml\jackson\datatype\jackson-datatype-jdk8\2.15.3\jackso
Launcher Type: SUN_STANDARD

[Global flags]
     intx CICompilerCount                          = 4                                         {product} {ergonomic}
     uint ConcGCThreads                            = 2                                         {product} {ergonomic}
     uint G1ConcRefinementThreads                  = 8                                         {product} {ergonomic}
   size_t G1HeapRegionSize                         = 2097152                                   {product} {ergonomic}
    uintx GCDrainStackTargetSize                   = 64                                        {product} {ergonomic}
   size_t InitialHeapSize                          = 268435456                                 {product} {ergonomic}
     bool ManagementServer                         = true                                      {product} {command line}
   size_t MarkStackSize                            = 4194304                                   {product} {ergonomic}
   size_t MaxHeapSize                              = 4269801472                                {product} {ergonomic}
   size_t MaxNewSize                               = 2560622592                                {product} {ergonomic}
   size_t MinHeapDeltaBytes                        = 2097152                                   {product} {ergonomic}
   size_t MinHeapSize                              = 8388608                                   {product} {ergonomic}
    uintx NonProfiledCodeHeapSize                  = 0                                      {pd product} {ergonomic}
     bool ProfileInterpreter                       = false                                  {pd product} {command line}
    uintx ProfiledCodeHeapSize                     = 0                                      {pd product} {ergonomic}
     bool ShowCodeDetailsInExceptionMessages       = true                                   {manageable} {command line}
   size_t SoftMaxHeapSize                          = 4269801472                             {manageable} {ergonomic}
     intx TieredStopAtLevel                        = 1                                         {product} {command line}
     bool UseCompressedClassPointers               = true                           {product lp64_product} {ergonomic}
     bool UseCompressedOops                        = true                           {product lp64_product} {ergonomic}
     bool UseG1GC                                  = true                                      {product} {ergonomic}
     bool UseLargePagesIndividualAllocation        = false                                  {pd product} {ergonomic}

Logging:
Log output configuration:
 #0: stdout all=warning uptime,level,tags
 #1: stderr all=off uptime,level,tags

Environment Variables:
JAVA_HOME=C:\dev\jdk1.8.0_60
PATH=C:\dev\sts-4.19.0.RELEASE\plugins\org.eclipse.justj.openjdk.hotspot.jre.full.win32.x86_64_17.0.7.v20230425-1502\jre\bin;C:/dev/sts-4.19.0.RELEASE//plugins/org.eclipse.justj.openjdk.hotspot.jre.full.win32.x86_64_17.0.7.v20230425-1502/jre/bin/server;C:/dev/sts-4.19.0.RELEASE//plugins/org.eclipse.justj.openjdk.hotspot.jre.full.win32.x86_64_17.0.7.v20230425-1502/jre/bin;C:\WINDOWS\system32;C:\WINDOWS;C:\WINDOWS\System32\Wbem;C:\WINDOWS\System32\WindowsPowerShell\v1.0\;C:\WINDOWS\System32\OpenSSH\;C:\dev\jdk1.8.0_60\bin;C:\dev\apache-maven-3.8.1\bin;C:\dev\nodejs\;C:\dev\Git\cmd;C:\dev\TortoiseGit\bin;C:\Program Files\MySQL\MySQL Server 8.0\bin;C:\Program Files\MySQL\MySQL Shell 8.0\bin\;C:\Users\Administrator\AppData\Local\Microsoft\WindowsApps;C:\Users\Administrator\AppData\Roaming\npm;;C:\dev\JetBrains\IntelliJ IDEA 2019.3.4\bin;;C:\dev\sts-4.19.0.RELEASE;
USERNAME=Administrator
OS=Windows_NT
PROCESSOR_IDENTIFIER=Intel64 Family 6 Model 142 Stepping 10, GenuineIntel
TMP=C:\Users\ADMINI~1\AppData\Local\Temp
TEMP=C:\Users\ADMINI~1\AppData\Local\Temp



---------------  S Y S T E M  ---------------

OS:
 Windows 11 , 64 bit Build 22621 (10.0.22621.2428)
OS uptime: 4 days 2:56 hours

CPU: total 8 (initial active 8) (4 cores per cpu, 2 threads per core) family 6 model 142 stepping 10 microcode 0xf0, cx8, cmov, fxsr, ht, mmx, 3dnowpref, sse, sse2, sse3, ssse3, sse4.1, sse4.2, popcnt, lzcnt, tsc, tscinvbit, avx, avx2, aes, erms, clmul, bmi1, bmi2, adx, fma, vzeroupper, clflush, clflushopt

Memory: 4k page, system-wide physical 16281M (3123M free)
TotalPageFile size 26477M (AvailPageFile size 4111M)
current process WorkingSet (physical memory assigned to process): 240M, peak: 271M
current process commit charge ("private bytes"): 274M, peak: 366M

vm_info: OpenJDK 64-Bit Server VM (17.0.7+7) for windows-amd64 JRE (17.0.7+7), built on Apr 18 2023 22:10:42 by "temurin" with MS VC++ 16.7 (VS2019)

END.
